Warning in <TInterpreter::ReadRootmapFile>: class  edm::RefProd<vector<pat::Tau> > found in libFinalStateAnalysisDataFormats.so  is already in libDataFormatsPatCandidates.so 
   ------------------------------------------------------------
  | Welcome to ROOT 6.12/07                http://root.cern.ch |
  |                               (c) 1995-2017, The ROOT Team |
  | Built for linuxx8664gcc                                    |
  | From tag , 9 February 2018                                 |
  | Try '.help', '.demo', '.license', '.credits', '.quit'/'.q' |
   ------------------------------------------------------------


Processing TMVAClassification.C...

==> Start TMVAClassification
--- TMVAClassification       : Using input file: BDT/BDT.root
DataSetInfo              : [dataset] : Added class "Signal"
                         : Add Tree TreeS of type Signal with 170300 events
DataSetInfo              : [dataset] : Added class "Background"
                         : Add Tree TreeB of type Background with 194936 events
Factory                  : Booking method: [1mBDT_gg_d2[0m
                         : 
DataSetFactory           : [dataset] : Number of events in input trees
                         : Dataset[dataset] :     Signal     requirement: "e_m_Mass<135 & e_m_Mass>115 & (Nj==0 || Nj==1 || (Nj==2 & j1_j2_mass<400 & DeltaEta_j1_j2 < 2.5))"
                         : Dataset[dataset] :     Signal          -- number of events passed: 129700  / sum of weights: 5368.87
                         : Dataset[dataset] :     Signal          -- efficiency             : 0.924945
                         : Dataset[dataset] :     Background requirement: "e_m_Mass<135 & e_m_Mass>115 & (Nj==0 || Nj==1 || (Nj==2 & j1_j2_mass<400 & DeltaEta_j1_j2 < 2.5))"
                         : Dataset[dataset] :     Background      -- number of events passed: 78269  / sum of weights: 6139.21
                         : Dataset[dataset] :     Background      -- efficiency             : 0.416825
                         : Dataset[dataset] :  you have opted for interpreting the requested number of training/testing events
                         :  to be the number of events AFTER your preselection cuts
                         : 
                         : Dataset[dataset] :  you have opted for interpreting the requested number of training/testing events
                         :  to be the number of events AFTER your preselection cuts
                         : 
                         : Number of training and testing events
                         : ---------------------------------------------------------------------------
                         : Signal     -- training events            : 64850
                         : Signal     -- testing events             : 64850
                         : Signal     -- training and testing events: 129700
                         : Dataset[dataset] : Signal     -- due to the preselection a scaling factor has been applied to the numbers of requested events: 0.761597
                         : Background -- training events            : 39134
                         : Background -- testing events             : 39134
                         : Background -- training and testing events: 78268
                         : Dataset[dataset] : Background -- due to the preselection a scaling factor has been applied to the numbers of requested events: 0.401511
                         : 
DataSetInfo              : Correlation matrix (Signal):
                         : ---------------------------------------------------------------------------------------------------------------------------------------------------------------------------------------------------------
                         :                   mPt_Per_e_m_Mass ePt_Per_e_m_Mass    emPt   emEta    j1Pt DeltaEta_em_j1 DeltaPhi_em_j1 m_met_mT e_met_mT DeltaPhi_e_met DeltaPhi_m_met DeltaEta_e_met DeltaEta_m_met   MetEt e_m_PZeta
                         : mPt_Per_e_m_Mass:           +1.000           -0.153  +0.476  +0.002  +0.411         +0.128         +0.231   +0.284   -0.057         -0.036         +0.024         -0.040         -0.068  +0.044    +0.394
                         : ePt_Per_e_m_Mass:           -0.153           +1.000  +0.506  -0.000  +0.442         +0.145         +0.249   -0.050   +0.298         +0.028         -0.028         -0.050         -0.034  +0.038    +0.414
                         :             emPt:           +0.476           +0.506  +1.000  +0.003  +0.848         +0.349         +0.596   +0.145   +0.147         -0.003         +0.009         -0.031         -0.038  +0.083    +0.824
                         :            emEta:           +0.002           -0.000  +0.003  +1.000  +0.002         +0.001         -0.001   -0.004   +0.004         +0.006         -0.005         -0.011         -0.008  +0.000    +0.002
                         :             j1Pt:           +0.411           +0.442  +0.848  +0.002  +1.000         +0.570         +0.782   +0.104   +0.106         -0.030         -0.016         -0.026         -0.029  +0.094    +0.737
                         :   DeltaEta_em_j1:           +0.128           +0.145  +0.349  +0.001  +0.570         +1.000         +0.790   +0.049   +0.055         -0.013         -0.011         +0.025         +0.016  +0.077    +0.287
                         :   DeltaPhi_em_j1:           +0.231           +0.249  +0.596  -0.001  +0.782         +0.790         +1.000   +0.075   +0.072         -0.022         -0.006         -0.015         -0.021  +0.080    +0.494
                         :         m_met_mT:           +0.284           -0.050  +0.145  -0.004  +0.104         +0.049         +0.075   +1.000   -0.225         -0.584         +0.767         -0.027         -0.033  +0.466    +0.008
                         :         e_met_mT:           -0.057           +0.298  +0.147  +0.004  +0.106         +0.055         +0.072   -0.225   +1.000         +0.764         -0.584         +0.008         +0.006  +0.509    +0.009
                         :   DeltaPhi_e_met:           -0.036           +0.028  -0.003  +0.006  -0.030         -0.013         -0.022   -0.584   +0.764         +1.000         -0.793         +0.028         +0.019  +0.029    -0.101
                         :   DeltaPhi_m_met:           +0.024           -0.028  +0.009  -0.005  -0.016         -0.011         -0.006   +0.767   -0.584         -0.793         +1.000         -0.022         -0.020  -0.016    -0.090
                         :   DeltaEta_e_met:           -0.040           -0.050  -0.031  -0.011  -0.026         +0.025         -0.015   -0.027   +0.008         +0.028         -0.022         +1.000         +0.131  +0.006    -0.027
                         :   DeltaEta_m_met:           -0.068           -0.034  -0.038  -0.008  -0.029         +0.016         -0.021   -0.033   +0.006         +0.019         -0.020         +0.131         +1.000  +0.003    -0.031
                         :            MetEt:           +0.044           +0.038  +0.083  +0.000  +0.094         +0.077         +0.080   +0.466   +0.509         +0.029         -0.016         +0.006         +0.003  +1.000    +0.034
                         :        e_m_PZeta:           +0.394           +0.414  +0.824  +0.002  +0.737         +0.287         +0.494   +0.008   +0.009         -0.101         -0.090         -0.027         -0.031  +0.034    +1.000
                         : ---------------------------------------------------------------------------------------------------------------------------------------------------------------------------------------------------------
DataSetInfo              : Correlation matrix (Background):
                         : ---------------------------------------------------------------------------------------------------------------------------------------------------------------------------------------------------------
                         :                   mPt_Per_e_m_Mass ePt_Per_e_m_Mass    emPt   emEta    j1Pt DeltaEta_em_j1 DeltaPhi_em_j1 m_met_mT e_met_mT DeltaPhi_e_met DeltaPhi_m_met DeltaEta_e_met DeltaEta_m_met   MetEt e_m_PZeta
                         : mPt_Per_e_m_Mass:           +1.000           -0.364  +0.337  +0.009  +0.155         +0.042         +0.128   +0.529   -0.225         -0.203         +0.204         -0.043         -0.069  +0.096    +0.120
                         : ePt_Per_e_m_Mass:           -0.364           +1.000  +0.398  +0.007  +0.205         +0.069         +0.156   -0.221   +0.501         +0.153         -0.203         -0.074         -0.029  +0.131    +0.206
                         :             emPt:           +0.337           +0.398  +1.000  +0.009  +0.430         +0.142         +0.395   +0.277   +0.279         +0.074         +0.074         -0.057         -0.038  +0.259    +0.480
                         :            emEta:           +0.009           +0.007  +0.009  +1.000  -0.003         +0.009         +0.008   +0.024   +0.001         -0.004         +0.020         -0.002         -0.009  +0.005    -0.024
                         :             j1Pt:           +0.155           +0.205  +0.430  -0.003  +1.000         +0.503         +0.715   +0.074   +0.086         -0.127         -0.126         -0.064         -0.024  +0.393    +0.507
                         :   DeltaEta_em_j1:           +0.042           +0.069  +0.142  +0.009  +0.503         +1.000         +0.700   +0.037   +0.060         -0.047         -0.064         -0.021         +0.020  +0.167    +0.166
                         :   DeltaPhi_em_j1:           +0.128           +0.156  +0.395  +0.008  +0.715         +0.700         +1.000   +0.004   +0.015         -0.089         -0.098         -0.052         -0.017  +0.131    +0.453
                         :         m_met_mT:           +0.529           -0.221  +0.277  +0.024  +0.074         +0.037         +0.004   +1.000   -0.133         -0.423         +0.726         -0.047         -0.061  +0.472    -0.177
                         :         e_met_mT:           -0.225           +0.501  +0.279  +0.001  +0.086         +0.060         +0.015   -0.133   +1.000         +0.719         -0.447         -0.038         -0.037  +0.549    -0.146
                         :   DeltaPhi_e_met:           -0.203           +0.153  +0.074  -0.004  -0.127         -0.047         -0.089   -0.423   +0.719         +1.000         -0.613         +0.029         +0.007  +0.054    -0.199
                         :   DeltaPhi_m_met:           +0.204           -0.203  +0.074  +0.020  -0.126         -0.064         -0.098   +0.726   -0.447         -0.613         +1.000         +0.003         -0.019  -0.018    -0.210
                         :   DeltaEta_e_met:           -0.043           -0.074  -0.057  -0.002  -0.064         -0.021         -0.052   -0.047   -0.038         +0.029         +0.003         +1.000         -0.097  -0.067    -0.033
                         :   DeltaEta_m_met:           -0.069           -0.029  -0.038  -0.009  -0.024         +0.020         -0.017   -0.061   -0.037         +0.007         -0.019         -0.097         +1.000  -0.048    +0.018
                         :            MetEt:           +0.096           +0.131  +0.259  +0.005  +0.393         +0.167         +0.131   +0.472   +0.549         +0.054         -0.018         -0.067         -0.048  +1.000    +0.003
                         :        e_m_PZeta:           +0.120           +0.206  +0.480  -0.024  +0.507         +0.166         +0.453   -0.177   -0.146         -0.199         -0.210         -0.033         +0.018  +0.003    +1.000
                         : ---------------------------------------------------------------------------------------------------------------------------------------------------------------------------------------------------------
DataSetFactory           : [dataset] :  
                         : 
Factory                  : [1mTrain all methods[0m
Factory                  : [dataset] : Create Transformation "I" with events from all classes.
                         : 
                         : Transformation, Variable selection : 
                         : Input : variable 'mPt_Per_e_m_Mass' <---> Output : variable 'mPt_Per_e_m_Mass'
                         : Input : variable 'ePt_Per_e_m_Mass' <---> Output : variable 'ePt_Per_e_m_Mass'
                         : Input : variable 'emPt' <---> Output : variable 'emPt'
                         : Input : variable 'emEta' <---> Output : variable 'emEta'
                         : Input : variable 'j1Pt' <---> Output : variable 'j1Pt'
                         : Input : variable 'DeltaEta_em_j1' <---> Output : variable 'DeltaEta_em_j1'
                         : Input : variable 'DeltaPhi_em_j1' <---> Output : variable 'DeltaPhi_em_j1'
                         : Input : variable 'm_met_mT' <---> Output : variable 'm_met_mT'
                         : Input : variable 'e_met_mT' <---> Output : variable 'e_met_mT'
                         : Input : variable 'DeltaPhi_e_met' <---> Output : variable 'DeltaPhi_e_met'
                         : Input : variable 'DeltaPhi_m_met' <---> Output : variable 'DeltaPhi_m_met'
                         : Input : variable 'DeltaEta_e_met' <---> Output : variable 'DeltaEta_e_met'
                         : Input : variable 'DeltaEta_m_met' <---> Output : variable 'DeltaEta_m_met'
                         : Input : variable 'MetEt' <---> Output : variable 'MetEt'
                         : Input : variable 'e_m_PZeta' <---> Output : variable 'e_m_PZeta'
Factory                  : [dataset] : Create Transformation "D" with events from all classes.
                         : 
                         : Transformation, Variable selection : 
                         : Input : variable 'mPt_Per_e_m_Mass' <---> Output : variable 'mPt_Per_e_m_Mass'
                         : Input : variable 'ePt_Per_e_m_Mass' <---> Output : variable 'ePt_Per_e_m_Mass'
                         : Input : variable 'emPt' <---> Output : variable 'emPt'
                         : Input : variable 'emEta' <---> Output : variable 'emEta'
                         : Input : variable 'j1Pt' <---> Output : variable 'j1Pt'
                         : Input : variable 'DeltaEta_em_j1' <---> Output : variable 'DeltaEta_em_j1'
                         : Input : variable 'DeltaPhi_em_j1' <---> Output : variable 'DeltaPhi_em_j1'
                         : Input : variable 'm_met_mT' <---> Output : variable 'm_met_mT'
                         : Input : variable 'e_met_mT' <---> Output : variable 'e_met_mT'
                         : Input : variable 'DeltaPhi_e_met' <---> Output : variable 'DeltaPhi_e_met'
                         : Input : variable 'DeltaPhi_m_met' <---> Output : variable 'DeltaPhi_m_met'
                         : Input : variable 'DeltaEta_e_met' <---> Output : variable 'DeltaEta_e_met'
                         : Input : variable 'DeltaEta_m_met' <---> Output : variable 'DeltaEta_m_met'
                         : Input : variable 'MetEt' <---> Output : variable 'MetEt'
                         : Input : variable 'e_m_PZeta' <---> Output : variable 'e_m_PZeta'
Factory                  : [dataset] : Create Transformation "P" with events from all classes.
                         : 
                         : Transformation, Variable selection : 
                         : Input : variable 'mPt_Per_e_m_Mass' <---> Output : variable 'mPt_Per_e_m_Mass'
                         : Input : variable 'ePt_Per_e_m_Mass' <---> Output : variable 'ePt_Per_e_m_Mass'
                         : Input : variable 'emPt' <---> Output : variable 'emPt'
                         : Input : variable 'emEta' <---> Output : variable 'emEta'
                         : Input : variable 'j1Pt' <---> Output : variable 'j1Pt'
                         : Input : variable 'DeltaEta_em_j1' <---> Output : variable 'DeltaEta_em_j1'
                         : Input : variable 'DeltaPhi_em_j1' <---> Output : variable 'DeltaPhi_em_j1'
                         : Input : variable 'm_met_mT' <---> Output : variable 'm_met_mT'
                         : Input : variable 'e_met_mT' <---> Output : variable 'e_met_mT'
                         : Input : variable 'DeltaPhi_e_met' <---> Output : variable 'DeltaPhi_e_met'
                         : Input : variable 'DeltaPhi_m_met' <---> Output : variable 'DeltaPhi_m_met'
                         : Input : variable 'DeltaEta_e_met' <---> Output : variable 'DeltaEta_e_met'
                         : Input : variable 'DeltaEta_m_met' <---> Output : variable 'DeltaEta_m_met'
                         : Input : variable 'MetEt' <---> Output : variable 'MetEt'
                         : Input : variable 'e_m_PZeta' <---> Output : variable 'e_m_PZeta'
Factory                  : [dataset] : Create Transformation "G" with events from all classes.
                         : 
                         : Transformation, Variable selection : 
                         : Input : variable 'mPt_Per_e_m_Mass' <---> Output : variable 'mPt_Per_e_m_Mass'
                         : Input : variable 'ePt_Per_e_m_Mass' <---> Output : variable 'ePt_Per_e_m_Mass'
                         : Input : variable 'emPt' <---> Output : variable 'emPt'
                         : Input : variable 'emEta' <---> Output : variable 'emEta'
                         : Input : variable 'j1Pt' <---> Output : variable 'j1Pt'
                         : Input : variable 'DeltaEta_em_j1' <---> Output : variable 'DeltaEta_em_j1'
                         : Input : variable 'DeltaPhi_em_j1' <---> Output : variable 'DeltaPhi_em_j1'
                         : Input : variable 'm_met_mT' <---> Output : variable 'm_met_mT'
                         : Input : variable 'e_met_mT' <---> Output : variable 'e_met_mT'
                         : Input : variable 'DeltaPhi_e_met' <---> Output : variable 'DeltaPhi_e_met'
                         : Input : variable 'DeltaPhi_m_met' <---> Output : variable 'DeltaPhi_m_met'
                         : Input : variable 'DeltaEta_e_met' <---> Output : variable 'DeltaEta_e_met'
                         : Input : variable 'DeltaEta_m_met' <---> Output : variable 'DeltaEta_m_met'
                         : Input : variable 'MetEt' <---> Output : variable 'MetEt'
                         : Input : variable 'e_m_PZeta' <---> Output : variable 'e_m_PZeta'
Factory                  : [dataset] : Create Transformation "D" with events from all classes.
                         : 
                         : Transformation, Variable selection : 
                         : Input : variable 'mPt_Per_e_m_Mass' <---> Output : variable 'mPt_Per_e_m_Mass'
                         : Input : variable 'ePt_Per_e_m_Mass' <---> Output : variable 'ePt_Per_e_m_Mass'
                         : Input : variable 'emPt' <---> Output : variable 'emPt'
                         : Input : variable 'emEta' <---> Output : variable 'emEta'
                         : Input : variable 'j1Pt' <---> Output : variable 'j1Pt'
                         : Input : variable 'DeltaEta_em_j1' <---> Output : variable 'DeltaEta_em_j1'
                         : Input : variable 'DeltaPhi_em_j1' <---> Output : variable 'DeltaPhi_em_j1'
                         : Input : variable 'm_met_mT' <---> Output : variable 'm_met_mT'
                         : Input : variable 'e_met_mT' <---> Output : variable 'e_met_mT'
                         : Input : variable 'DeltaPhi_e_met' <---> Output : variable 'DeltaPhi_e_met'
                         : Input : variable 'DeltaPhi_m_met' <---> Output : variable 'DeltaPhi_m_met'
                         : Input : variable 'DeltaEta_e_met' <---> Output : variable 'DeltaEta_e_met'
                         : Input : variable 'DeltaEta_m_met' <---> Output : variable 'DeltaEta_m_met'
                         : Input : variable 'MetEt' <---> Output : variable 'MetEt'
                         : Input : variable 'e_m_PZeta' <---> Output : variable 'e_m_PZeta'
TFHandler_Factory        :         Variable                Mean                RMS        [        Min                Max ]
                         : ---------------------------------------------------------------------------------------------------
                         : mPt_Per_e_m_Mass:           0.47243           0.17483   [           0.17930            4.0596 ]
                         : ePt_Per_e_m_Mass:           0.47563           0.17988   [           0.17658            4.5414 ]
                         :             emPt:            44.261            37.722   [           0.13196            606.94 ]
                         :            emEta:        -0.0027561            2.2776   [           -8.2179            8.0511 ]
                         :             j1Pt:            30.719            45.870   [           -1.0000            594.41 ]
                         :   DeltaEta_em_j1:           0.24385            1.6758   [           -1.0000            9.5762 ]
                         :   DeltaPhi_em_j1:           0.55588            1.7680   [           -1.0000            3.1416 ]
                         :         m_met_mT:            58.169            41.115   [          0.026309            467.74 ]
                         :         e_met_mT:            60.256            42.248   [         0.0016262            462.46 ]
                         :   DeltaPhi_e_met:            1.6634           0.90540   [        4.4958e-06            3.1416 ]
                         :   DeltaPhi_m_met:            1.6118           0.90662   [        2.3565e-05            3.1416 ]
                         :   DeltaEta_e_met:           0.98554           0.65558   [        2.5448e-05            2.4999 ]
                         :   DeltaEta_m_met:           0.99117           0.64480   [        1.6423e-05            2.4000 ]
                         :            MetEt:            38.909            30.893   [          0.051961            566.26 ]
                         :        e_m_PZeta:            26.614            47.694   [           -221.97            711.46 ]
                         : ---------------------------------------------------------------------------------------------------
                         : Preparing the Decorrelation transformation...
TFHandler_Factory        :         Variable                Mean                RMS        [        Min                Max ]
                         : ---------------------------------------------------------------------------------------------------
                         : mPt_Per_e_m_Mass:            5.2639            1.0000   [         -0.096028            27.016 ]
                         : ePt_Per_e_m_Mass:            5.2954            1.0000   [          -0.18365            25.698 ]
                         :             emPt:           0.36423            1.0000   [           -5.8703            15.108 ]
                         :            emEta:        -0.0041369            1.0000   [           -3.5958            3.5455 ]
                         :             j1Pt:           0.17734            1.0000   [           -5.2233            13.622 ]
                         :   DeltaEta_em_j1:          -0.12414            1.0000   [           -5.1166            7.6724 ]
                         :   DeltaPhi_em_j1:         -0.077068            1.0000   [           -12.851            4.0376 ]
                         :         m_met_mT:            1.5840            1.0000   [           -3.8768            12.770 ]
                         :         e_met_mT:            1.5914            1.0000   [           -6.6814            11.795 ]
                         :   DeltaPhi_e_met:            4.5055            1.0000   [           -2.6641            19.833 ]
                         :   DeltaPhi_m_met:            4.4628            1.0000   [           -3.5011            15.263 ]
                         :   DeltaEta_e_met:            1.5282            1.0000   [          -0.16368            3.9821 ]
                         :   DeltaEta_m_met:            1.5986            1.0000   [          -0.17766            3.9753 ]
                         :            MetEt:          0.031769            1.0000   [           -6.4673            22.639 ]
                         :        e_m_PZeta:           0.72866            1.0000   [           -7.2503            11.348 ]
                         : ---------------------------------------------------------------------------------------------------
                         : Preparing the Principle Component (PCA) transformation...
TFHandler_Factory        :         Variable                Mean                RMS        [        Min                Max ]
                         : ---------------------------------------------------------------------------------------------------
                         : mPt_Per_e_m_Mass:           -27.042            67.719   [           -121.56            932.11 ]
                         : ePt_Per_e_m_Mass:           -4.6883            50.534   [           -236.37            415.46 ]
                         :             emPt:           0.45282            42.143   [           -286.92            283.11 ]
                         :            emEta:           -5.9648            27.079   [           -211.79            256.17 ]
                         :             j1Pt:          -0.27394            22.032   [           -351.75            122.89 ]
                         :   DeltaEta_em_j1:           0.46247            10.032   [           -82.758            145.37 ]
                         :   DeltaPhi_em_j1:         0.0076756            2.2776   [           -8.0427            8.2069 ]
                         :         m_met_mT:          -0.33466            1.7055   [           -12.506            8.0441 ]
                         :         e_met_mT:         -0.069370           0.74366   [           -5.7686            2.3537 ]
                         :   DeltaPhi_e_met:          0.012056           0.65435   [           -3.9296            3.8430 ]
                         :   DeltaPhi_m_met:          0.022385           0.64513   [           -3.5158            3.4840 ]
                         :   DeltaEta_e_met:        -0.0038210           0.63433   [           -1.8463            1.9569 ]
                         :   DeltaEta_m_met:          0.010904           0.32103   [           -2.0390            4.9450 ]
                         :            MetEt:       -0.00049330           0.14767   [           -2.5687            2.3775 ]
                         :        e_m_PZeta:       -0.00094945          0.093772   [           -1.1665           0.42320 ]
                         : ---------------------------------------------------------------------------------------------------
                         : Preparing the Gaussian transformation...
                         : Preparing the Decorrelation transformation...
TFHandler_Factory        :         Variable                Mean                RMS        [        Min                Max ]
                         : ---------------------------------------------------------------------------------------------------
                         : mPt_Per_e_m_Mass:          0.049795            1.0000   [           -4.0928            6.6525 ]
                         : ePt_Per_e_m_Mass:          0.057267            1.0000   [           -3.9066            6.1594 ]
                         :             emPt:           0.52333            1.0000   [           -5.2053            6.6095 ]
                         :            emEta:         0.0037012            1.0000   [           -3.3062            5.7694 ]
                         :             j1Pt:          -0.69818            1.0000   [           -5.0299            6.7581 ]
                         :   DeltaEta_em_j1:          -0.78468            1.0000   [           -4.1213            5.2805 ]
                         :   DeltaPhi_em_j1:          -0.59342            1.0000   [           -5.0658            9.3959 ]
                         :         m_met_mT:          0.028739            1.0000   [           -7.3958            7.7130 ]
                         :         e_met_mT:          0.040160            1.0000   [           -6.7382            9.1699 ]
                         :   DeltaPhi_e_met:         -0.066994            1.0000   [           -3.9464            10.826 ]
                         :   DeltaPhi_m_met:         -0.057394            1.0000   [           -4.5757            11.406 ]
                         :   DeltaEta_e_met:        -0.0014431            1.0000   [           -3.3174            5.8921 ]
                         :   DeltaEta_m_met:         0.0052073            1.0000   [           -3.3506            5.7668 ]
                         :            MetEt:           0.18325            1.0000   [           -3.5056            8.0909 ]
                         :        e_m_PZeta:           0.30974            1.0000   [           -4.2863            4.6431 ]
                         : ---------------------------------------------------------------------------------------------------
                         : Ranking input variables (method unspecific)...
IdTransformation         : Ranking result (top variable is best ranked)
                         : -----------------------------------------
                         : Rank : Variable         : Separation
                         : -----------------------------------------
                         :    1 : MetEt            : 3.117e-01
                         :    2 : m_met_mT         : 1.300e-01
                         :    3 : e_met_mT         : 1.291e-01
                         :    4 : emPt             : 1.200e-01
                         :    5 : DeltaPhi_em_j1   : 1.052e-01
                         :    6 : DeltaEta_em_j1   : 8.345e-02
                         :    7 : j1Pt             : 7.618e-02
                         :    8 : e_m_PZeta        : 5.507e-02
                         :    9 : ePt_Per_e_m_Mass : 4.478e-02
                         :   10 : emEta            : 4.282e-02
                         :   11 : mPt_Per_e_m_Mass : 4.240e-02
                         :   12 : DeltaPhi_m_met   : 9.441e-03
                         :   13 : DeltaPhi_e_met   : 6.930e-03
                         :   14 : DeltaEta_e_met   : 4.692e-03
                         :   15 : DeltaEta_m_met   : 4.130e-03
                         : -----------------------------------------
Factory                  : Train method: BDT_gg_d2 for Classification
                         : 
<WARNING>                : Events with negative event weights are USED during the BDT training. This might cause problems with small node sizes or with the boosting. Please remove negative events from training using the option *IgnoreEventsWithNegWeightsInTraining* in case you observe problems with the boosting
                         : Events with weight == 0 are going to be simply ignored 
BDT_gg_d2                : #events: (reweighted) sig: 51972.5 bkg: 51972.5
                         : #events: (unweighted) sig: 64849 bkg: 39096
                         : Training 500 Decision Trees ... patience please
0%, time left: unknown
6%, time left: 11 sec
12%, time left: 11 sec
19%, time left: 10 sec
25%, time left: 9 sec
31%, time left: 8 sec
37%, time left: 7 sec
44%, time left: 7 sec
50%, time left: 6 sec
56%, time left: 5 sec
62%, time left: 4 sec
69%, time left: 3 sec
75%, time left: 3 sec
81%, time left: 2 sec
87%, time left: 1 sec
94%, time left: 0 sec
                         : Elapsed time for training with 103984 events: 15.1 sec         
BDT_gg_d2                : [dataset] : Evaluation of BDT_gg_d2 on training sample (103984 events)
0%, time left: unknown
6%, time left: 3 sec
12%, time left: 3 sec
18%, time left: 3 sec
25%, time left: 3 sec
31%, time left: 2 sec
37%, time left: 2 sec
43%, time left: 2 sec
50%, time left: 1 sec
56%, time left: 1 sec
62%, time left: 1 sec
68%, time left: 1 sec
75%, time left: 0 sec
81%, time left: 0 sec
87%, time left: 0 sec
93%, time left: 0 sec
                         : Elapsed time for evaluation of 103984 events: 4.04 sec       
                         : Creating xml weight file: [0;36mdataset/weights/TMVAClassification_BDT_gg_d2.weights.xml[0m
                         : Creating standalone class: [0;36mdataset/weights/TMVAClassification_BDT_gg_d2.class.C[0m
                         : TMVA_gg_d2.root:/dataset/Method_BDT_gg_d2/BDT_gg_d2
Factory                  : Training finished
                         : 
                         : Ranking input variables (method specific)...
BDT_gg_d2                : Ranking result (top variable is best ranked)
                         : --------------------------------------------------
                         : Rank : Variable         : Variable Importance
                         : --------------------------------------------------
                         :    1 : MetEt            : 2.798e-01
                         :    2 : DeltaPhi_em_j1   : 8.286e-02
                         :    3 : emPt             : 7.880e-02
                         :    4 : DeltaEta_em_j1   : 7.622e-02
                         :    5 : j1Pt             : 7.284e-02
                         :    6 : mPt_Per_e_m_Mass : 5.313e-02
                         :    7 : m_met_mT         : 5.013e-02
                         :    8 : ePt_Per_e_m_Mass : 4.620e-02
                         :    9 : DeltaPhi_m_met   : 4.270e-02
                         :   10 : DeltaEta_m_met   : 4.141e-02
                         :   11 : DeltaPhi_e_met   : 4.112e-02
                         :   12 : e_met_mT         : 3.960e-02
                         :   13 : DeltaEta_e_met   : 3.503e-02
                         :   14 : emEta            : 3.439e-02
                         :   15 : e_m_PZeta        : 2.577e-02
                         : --------------------------------------------------
Factory                  : === Destroy and recreate all methods via weight files for testing ===
                         : 
Factory                  : [1mTest all methods[0m
Factory                  : Test method: BDT_gg_d2 for Classification performance
                         : 
BDT_gg_d2                : [dataset] : Evaluation of BDT_gg_d2 on testing sample (103984 events)
0%, time left: unknown
6%, time left: 3 sec
12%, time left: 2 sec
18%, time left: 2 sec
25%, time left: 2 sec
31%, time left: 2 sec
37%, time left: 2 sec
43%, time left: 1 sec
50%, time left: 1 sec
56%, time left: 1 sec
62%, time left: 1 sec
68%, time left: 1 sec
75%, time left: 0 sec
81%, time left: 0 sec
87%, time left: 0 sec
93%, time left: 0 sec
                         : Elapsed time for evaluation of 103984 events: 3.37 sec       
Factory                  : [1mEvaluate all methods[0m
Factory                  : Evaluate classifier: BDT_gg_d2
                         : 
BDT_gg_d2                : [dataset] : Loop over test events and fill histograms with classifier response...
                         : 
TFHandler_BDT_gg_d2      :         Variable                Mean                RMS        [        Min                Max ]
                         : ---------------------------------------------------------------------------------------------------
                         : mPt_Per_e_m_Mass:           0.47208           0.18045   [           0.17893            4.1494 ]
                         : ePt_Per_e_m_Mass:           0.47982           0.18499   [           0.15009            3.9685 ]
                         :             emPt:            47.363            38.406   [          0.053048            593.16 ]
                         :            emEta:          0.027772            2.2053   [           -8.8743            9.5227 ]
                         :             j1Pt:            34.500            49.054   [           -1.0000            853.55 ]
                         :   DeltaEta_em_j1:           0.27680            1.6195   [           -1.0000            9.8625 ]
                         :   DeltaPhi_em_j1:           0.63694            1.7515   [           -1.0000            3.1416 ]
                         :         m_met_mT:            62.819            43.840   [          0.031912            576.94 ]
                         :         e_met_mT:            65.491            45.313   [         0.0040142            461.17 ]
                         :   DeltaPhi_e_met:            1.6907           0.89941   [        3.0427e-05            3.1415 ]
                         :   DeltaPhi_m_met:            1.6353           0.90406   [        6.5174e-05            3.1416 ]
                         :   DeltaEta_e_met:           0.99966           0.65468   [        3.5918e-05            2.4999 ]
                         :   DeltaEta_m_met:           0.98935           0.64366   [        1.1570e-05            2.3998 ]
                         :            MetEt:            44.046            34.208   [          0.051713            999.32 ]
                         :        e_m_PZeta:            26.636            50.754   [           -880.57            668.17 ]
                         : ---------------------------------------------------------------------------------------------------
                         : 
                         : Evaluation results ranked by best signal efficiency and purity (area)
                         : -------------------------------------------------------------------------------------------------------------------
                         : DataSet       MVA                       
                         : Name:         Method:          ROC-integ
                         : dataset       BDT_gg_d2      : 0.846
                         : -------------------------------------------------------------------------------------------------------------------
                         : 
                         : Testing efficiency compared to training efficiency (overtraining check)
                         : -------------------------------------------------------------------------------------------------------------------
                         : DataSet              MVA              Signal efficiency: from test sample (from training sample) 
                         : Name:                Method:          @B=0.01             @B=0.10            @B=0.30   
                         : -------------------------------------------------------------------------------------------------------------------
                         : dataset              BDT_gg_d2      : 0.075 (0.077)       0.453 (0.520)      0.857 (0.865)
                         : -------------------------------------------------------------------------------------------------------------------
                         : 
Dataset:dataset          : Created tree 'TestTree' with 103984 events
                         : 
Dataset:dataset          : Created tree 'TrainTree' with 103984 events
                         : 
Factory                  : [1mThank you for using TMVA![0m
                         : [1mFor citation information, please visit: http://tmva.sf.net/citeTMVA.html[0m
==> Wrote root file: TMVA_gg_d2.root
==> TMVAClassification is done!
(int) 0
Warning in <TInterpreter::ReadRootmapFile>: class  edm::RefProd<vector<pat::Tau> > found in libFinalStateAnalysisDataFormats.so  is already in libDataFormatsPatCandidates.so 
   ------------------------------------------------------------
  | Welcome to ROOT 6.12/07                http://root.cern.ch |
  |                               (c) 1995-2017, The ROOT Team |
  | Built for linuxx8664gcc                                    |
  | From tag , 9 February 2018                                 |
  | Try '.help', '.demo', '.license', '.credits', '.quit'/'.q' |
   ------------------------------------------------------------


Processing TMVAClassification.C...

==> Start TMVAClassification
--- TMVAClassification       : Using input file: BDT/BDT.root
DataSetInfo              : [dataset] : Added class "Signal"
                         : Add Tree TreeS of type Signal with 170300 events
DataSetInfo              : [dataset] : Added class "Background"
                         : Add Tree TreeB of type Background with 194936 events
Factory                  : Booking method: [1mBDT_gg_d2[0m
                         : 
DataSetFactory           : [dataset] : Number of events in input trees
                         : Dataset[dataset] :     Signal     requirement: "e_m_Mass<135 & e_m_Mass>115 & (Nj==0 || Nj==1 || (Nj==2 & j1_j2_mass<400 & DeltaEta_j1_j2 < 2.5))"
                         : Dataset[dataset] :     Signal          -- number of events passed: 129700  / sum of weights: 5368.87
                         : Dataset[dataset] :     Signal          -- efficiency             : 0.924945
                         : Dataset[dataset] :     Background requirement: "e_m_Mass<135 & e_m_Mass>115 & (Nj==0 || Nj==1 || (Nj==2 & j1_j2_mass<400 & DeltaEta_j1_j2 < 2.5))"
                         : Dataset[dataset] :     Background      -- number of events passed: 78269  / sum of weights: 6139.21
                         : Dataset[dataset] :     Background      -- efficiency             : 0.416825
                         : Dataset[dataset] :  you have opted for interpreting the requested number of training/testing events
                         :  to be the number of events AFTER your preselection cuts
                         : 
                         : Dataset[dataset] :  you have opted for interpreting the requested number of training/testing events
                         :  to be the number of events AFTER your preselection cuts
                         : 
                         : Number of training and testing events
                         : ---------------------------------------------------------------------------
                         : Signal     -- training events            : 64850
                         : Signal     -- testing events             : 64850
                         : Signal     -- training and testing events: 129700
                         : Dataset[dataset] : Signal     -- due to the preselection a scaling factor has been applied to the numbers of requested events: 0.761597
                         : Background -- training events            : 39134
                         : Background -- testing events             : 39134
                         : Background -- training and testing events: 78268
                         : Dataset[dataset] : Background -- due to the preselection a scaling factor has been applied to the numbers of requested events: 0.401511
                         : 
DataSetInfo              : Correlation matrix (Signal):
                         : ---------------------------------------------------------------------------------------------------------------------------------------------------------------------------------------------------------
                         :                   mPt_Per_e_m_Mass ePt_Per_e_m_Mass    emPt   emEta    j1Pt DeltaEta_em_j1 DeltaPhi_em_j1 m_met_mT e_met_mT DeltaPhi_e_met DeltaPhi_m_met DeltaEta_e_met DeltaEta_m_met   MetEt e_m_PZeta
                         : mPt_Per_e_m_Mass:           +1.000           -0.153  +0.476  +0.002  +0.411         +0.128         +0.231   +0.284   -0.057         -0.036         +0.024         -0.040         -0.068  +0.044    +0.394
                         : ePt_Per_e_m_Mass:           -0.153           +1.000  +0.506  -0.000  +0.442         +0.145         +0.249   -0.050   +0.298         +0.028         -0.028         -0.050         -0.034  +0.038    +0.414
                         :             emPt:           +0.476           +0.506  +1.000  +0.003  +0.848         +0.349         +0.596   +0.145   +0.147         -0.003         +0.009         -0.031         -0.038  +0.083    +0.824
                         :            emEta:           +0.002           -0.000  +0.003  +1.000  +0.002         +0.001         -0.001   -0.004   +0.004         +0.006         -0.005         -0.011         -0.008  +0.000    +0.002
                         :             j1Pt:           +0.411           +0.442  +0.848  +0.002  +1.000         +0.570         +0.782   +0.104   +0.106         -0.030         -0.016         -0.026         -0.029  +0.094    +0.737
                         :   DeltaEta_em_j1:           +0.128           +0.145  +0.349  +0.001  +0.570         +1.000         +0.790   +0.049   +0.055         -0.013         -0.011         +0.025         +0.016  +0.077    +0.287
                         :   DeltaPhi_em_j1:           +0.231           +0.249  +0.596  -0.001  +0.782         +0.790         +1.000   +0.075   +0.072         -0.022         -0.006         -0.015         -0.021  +0.080    +0.494
                         :         m_met_mT:           +0.284           -0.050  +0.145  -0.004  +0.104         +0.049         +0.075   +1.000   -0.225         -0.584         +0.767         -0.027         -0.033  +0.466    +0.008
                         :         e_met_mT:           -0.057           +0.298  +0.147  +0.004  +0.106         +0.055         +0.072   -0.225   +1.000         +0.764         -0.584         +0.008         +0.006  +0.509    +0.009
                         :   DeltaPhi_e_met:           -0.036           +0.028  -0.003  +0.006  -0.030         -0.013         -0.022   -0.584   +0.764         +1.000         -0.793         +0.028         +0.019  +0.029    -0.101
                         :   DeltaPhi_m_met:           +0.024           -0.028  +0.009  -0.005  -0.016         -0.011         -0.006   +0.767   -0.584         -0.793         +1.000         -0.022         -0.020  -0.016    -0.090
                         :   DeltaEta_e_met:           -0.040           -0.050  -0.031  -0.011  -0.026         +0.025         -0.015   -0.027   +0.008         +0.028         -0.022         +1.000         +0.131  +0.006    -0.027
                         :   DeltaEta_m_met:           -0.068           -0.034  -0.038  -0.008  -0.029         +0.016         -0.021   -0.033   +0.006         +0.019         -0.020         +0.131         +1.000  +0.003    -0.031
                         :            MetEt:           +0.044           +0.038  +0.083  +0.000  +0.094         +0.077         +0.080   +0.466   +0.509         +0.029         -0.016         +0.006         +0.003  +1.000    +0.034
                         :        e_m_PZeta:           +0.394           +0.414  +0.824  +0.002  +0.737         +0.287         +0.494   +0.008   +0.009         -0.101         -0.090         -0.027         -0.031  +0.034    +1.000
                         : ---------------------------------------------------------------------------------------------------------------------------------------------------------------------------------------------------------
DataSetInfo              : Correlation matrix (Background):
                         : ---------------------------------------------------------------------------------------------------------------------------------------------------------------------------------------------------------
                         :                   mPt_Per_e_m_Mass ePt_Per_e_m_Mass    emPt   emEta    j1Pt DeltaEta_em_j1 DeltaPhi_em_j1 m_met_mT e_met_mT DeltaPhi_e_met DeltaPhi_m_met DeltaEta_e_met DeltaEta_m_met   MetEt e_m_PZeta
                         : mPt_Per_e_m_Mass:           +1.000           -0.364  +0.337  +0.009  +0.155         +0.042         +0.128   +0.529   -0.225         -0.203         +0.204         -0.043         -0.069  +0.096    +0.120
                         : ePt_Per_e_m_Mass:           -0.364           +1.000  +0.398  +0.007  +0.205         +0.069         +0.156   -0.221   +0.501         +0.153         -0.203         -0.074         -0.029  +0.131    +0.206
                         :             emPt:           +0.337           +0.398  +1.000  +0.009  +0.430         +0.142         +0.395   +0.277   +0.279         +0.074         +0.074         -0.057         -0.038  +0.259    +0.480
                         :            emEta:           +0.009           +0.007  +0.009  +1.000  -0.003         +0.009         +0.008   +0.024   +0.001         -0.004         +0.020         -0.002         -0.009  +0.005    -0.024
                         :             j1Pt:           +0.155           +0.205  +0.430  -0.003  +1.000         +0.503         +0.715   +0.074   +0.086         -0.127         -0.126         -0.064         -0.024  +0.393    +0.507
                         :   DeltaEta_em_j1:           +0.042           +0.069  +0.142  +0.009  +0.503         +1.000         +0.700   +0.037   +0.060         -0.047         -0.064         -0.021         +0.020  +0.167    +0.166
                         :   DeltaPhi_em_j1:           +0.128           +0.156  +0.395  +0.008  +0.715         +0.700         +1.000   +0.004   +0.015         -0.089         -0.098         -0.052         -0.017  +0.131    +0.453
                         :         m_met_mT:           +0.529           -0.221  +0.277  +0.024  +0.074         +0.037         +0.004   +1.000   -0.133         -0.423         +0.726         -0.047         -0.061  +0.472    -0.177
                         :         e_met_mT:           -0.225           +0.501  +0.279  +0.001  +0.086         +0.060         +0.015   -0.133   +1.000         +0.719         -0.447         -0.038         -0.037  +0.549    -0.146
                         :   DeltaPhi_e_met:           -0.203           +0.153  +0.074  -0.004  -0.127         -0.047         -0.089   -0.423   +0.719         +1.000         -0.613         +0.029         +0.007  +0.054    -0.199
                         :   DeltaPhi_m_met:           +0.204           -0.203  +0.074  +0.020  -0.126         -0.064         -0.098   +0.726   -0.447         -0.613         +1.000         +0.003         -0.019  -0.018    -0.210
                         :   DeltaEta_e_met:           -0.043           -0.074  -0.057  -0.002  -0.064         -0.021         -0.052   -0.047   -0.038         +0.029         +0.003         +1.000         -0.097  -0.067    -0.033
                         :   DeltaEta_m_met:           -0.069           -0.029  -0.038  -0.009  -0.024         +0.020         -0.017   -0.061   -0.037         +0.007         -0.019         -0.097         +1.000  -0.048    +0.018
                         :            MetEt:           +0.096           +0.131  +0.259  +0.005  +0.393         +0.167         +0.131   +0.472   +0.549         +0.054         -0.018         -0.067         -0.048  +1.000    +0.003
                         :        e_m_PZeta:           +0.120           +0.206  +0.480  -0.024  +0.507         +0.166         +0.453   -0.177   -0.146         -0.199         -0.210         -0.033         +0.018  +0.003    +1.000
                         : ---------------------------------------------------------------------------------------------------------------------------------------------------------------------------------------------------------
DataSetFactory           : [dataset] :  
                         : 
Factory                  : [1mTrain all methods[0m
Factory                  : [dataset] : Create Transformation "I" with events from all classes.
                         : 
                         : Transformation, Variable selection : 
                         : Input : variable 'mPt_Per_e_m_Mass' <---> Output : variable 'mPt_Per_e_m_Mass'
                         : Input : variable 'ePt_Per_e_m_Mass' <---> Output : variable 'ePt_Per_e_m_Mass'
                         : Input : variable 'emPt' <---> Output : variable 'emPt'
                         : Input : variable 'emEta' <---> Output : variable 'emEta'
                         : Input : variable 'j1Pt' <---> Output : variable 'j1Pt'
                         : Input : variable 'DeltaEta_em_j1' <---> Output : variable 'DeltaEta_em_j1'
                         : Input : variable 'DeltaPhi_em_j1' <---> Output : variable 'DeltaPhi_em_j1'
                         : Input : variable 'm_met_mT' <---> Output : variable 'm_met_mT'
                         : Input : variable 'e_met_mT' <---> Output : variable 'e_met_mT'
                         : Input : variable 'DeltaPhi_e_met' <---> Output : variable 'DeltaPhi_e_met'
                         : Input : variable 'DeltaPhi_m_met' <---> Output : variable 'DeltaPhi_m_met'
                         : Input : variable 'DeltaEta_e_met' <---> Output : variable 'DeltaEta_e_met'
                         : Input : variable 'DeltaEta_m_met' <---> Output : variable 'DeltaEta_m_met'
                         : Input : variable 'MetEt' <---> Output : variable 'MetEt'
                         : Input : variable 'e_m_PZeta' <---> Output : variable 'e_m_PZeta'
Factory                  : [dataset] : Create Transformation "D" with events from all classes.
                         : 
                         : Transformation, Variable selection : 
                         : Input : variable 'mPt_Per_e_m_Mass' <---> Output : variable 'mPt_Per_e_m_Mass'
                         : Input : variable 'ePt_Per_e_m_Mass' <---> Output : variable 'ePt_Per_e_m_Mass'
                         : Input : variable 'emPt' <---> Output : variable 'emPt'
                         : Input : variable 'emEta' <---> Output : variable 'emEta'
                         : Input : variable 'j1Pt' <---> Output : variable 'j1Pt'
                         : Input : variable 'DeltaEta_em_j1' <---> Output : variable 'DeltaEta_em_j1'
                         : Input : variable 'DeltaPhi_em_j1' <---> Output : variable 'DeltaPhi_em_j1'
                         : Input : variable 'm_met_mT' <---> Output : variable 'm_met_mT'
                         : Input : variable 'e_met_mT' <---> Output : variable 'e_met_mT'
                         : Input : variable 'DeltaPhi_e_met' <---> Output : variable 'DeltaPhi_e_met'
                         : Input : variable 'DeltaPhi_m_met' <---> Output : variable 'DeltaPhi_m_met'
                         : Input : variable 'DeltaEta_e_met' <---> Output : variable 'DeltaEta_e_met'
                         : Input : variable 'DeltaEta_m_met' <---> Output : variable 'DeltaEta_m_met'
                         : Input : variable 'MetEt' <---> Output : variable 'MetEt'
                         : Input : variable 'e_m_PZeta' <---> Output : variable 'e_m_PZeta'
Factory                  : [dataset] : Create Transformation "P" with events from all classes.
                         : 
                         : Transformation, Variable selection : 
                         : Input : variable 'mPt_Per_e_m_Mass' <---> Output : variable 'mPt_Per_e_m_Mass'
                         : Input : variable 'ePt_Per_e_m_Mass' <---> Output : variable 'ePt_Per_e_m_Mass'
                         : Input : variable 'emPt' <---> Output : variable 'emPt'
                         : Input : variable 'emEta' <---> Output : variable 'emEta'
                         : Input : variable 'j1Pt' <---> Output : variable 'j1Pt'
                         : Input : variable 'DeltaEta_em_j1' <---> Output : variable 'DeltaEta_em_j1'
                         : Input : variable 'DeltaPhi_em_j1' <---> Output : variable 'DeltaPhi_em_j1'
                         : Input : variable 'm_met_mT' <---> Output : variable 'm_met_mT'
                         : Input : variable 'e_met_mT' <---> Output : variable 'e_met_mT'
                         : Input : variable 'DeltaPhi_e_met' <---> Output : variable 'DeltaPhi_e_met'
                         : Input : variable 'DeltaPhi_m_met' <---> Output : variable 'DeltaPhi_m_met'
                         : Input : variable 'DeltaEta_e_met' <---> Output : variable 'DeltaEta_e_met'
                         : Input : variable 'DeltaEta_m_met' <---> Output : variable 'DeltaEta_m_met'
                         : Input : variable 'MetEt' <---> Output : variable 'MetEt'
                         : Input : variable 'e_m_PZeta' <---> Output : variable 'e_m_PZeta'
Factory                  : [dataset] : Create Transformation "G" with events from all classes.
                         : 
                         : Transformation, Variable selection : 
                         : Input : variable 'mPt_Per_e_m_Mass' <---> Output : variable 'mPt_Per_e_m_Mass'
                         : Input : variable 'ePt_Per_e_m_Mass' <---> Output : variable 'ePt_Per_e_m_Mass'
                         : Input : variable 'emPt' <---> Output : variable 'emPt'
                         : Input : variable 'emEta' <---> Output : variable 'emEta'
                         : Input : variable 'j1Pt' <---> Output : variable 'j1Pt'
                         : Input : variable 'DeltaEta_em_j1' <---> Output : variable 'DeltaEta_em_j1'
                         : Input : variable 'DeltaPhi_em_j1' <---> Output : variable 'DeltaPhi_em_j1'
                         : Input : variable 'm_met_mT' <---> Output : variable 'm_met_mT'
                         : Input : variable 'e_met_mT' <---> Output : variable 'e_met_mT'
                         : Input : variable 'DeltaPhi_e_met' <---> Output : variable 'DeltaPhi_e_met'
                         : Input : variable 'DeltaPhi_m_met' <---> Output : variable 'DeltaPhi_m_met'
                         : Input : variable 'DeltaEta_e_met' <---> Output : variable 'DeltaEta_e_met'
                         : Input : variable 'DeltaEta_m_met' <---> Output : variable 'DeltaEta_m_met'
                         : Input : variable 'MetEt' <---> Output : variable 'MetEt'
                         : Input : variable 'e_m_PZeta' <---> Output : variable 'e_m_PZeta'
Factory                  : [dataset] : Create Transformation "D" with events from all classes.
                         : 
                         : Transformation, Variable selection : 
                         : Input : variable 'mPt_Per_e_m_Mass' <---> Output : variable 'mPt_Per_e_m_Mass'
                         : Input : variable 'ePt_Per_e_m_Mass' <---> Output : variable 'ePt_Per_e_m_Mass'
                         : Input : variable 'emPt' <---> Output : variable 'emPt'
                         : Input : variable 'emEta' <---> Output : variable 'emEta'
                         : Input : variable 'j1Pt' <---> Output : variable 'j1Pt'
                         : Input : variable 'DeltaEta_em_j1' <---> Output : variable 'DeltaEta_em_j1'
                         : Input : variable 'DeltaPhi_em_j1' <---> Output : variable 'DeltaPhi_em_j1'
                         : Input : variable 'm_met_mT' <---> Output : variable 'm_met_mT'
                         : Input : variable 'e_met_mT' <---> Output : variable 'e_met_mT'
                         : Input : variable 'DeltaPhi_e_met' <---> Output : variable 'DeltaPhi_e_met'
                         : Input : variable 'DeltaPhi_m_met' <---> Output : variable 'DeltaPhi_m_met'
                         : Input : variable 'DeltaEta_e_met' <---> Output : variable 'DeltaEta_e_met'
                         : Input : variable 'DeltaEta_m_met' <---> Output : variable 'DeltaEta_m_met'
                         : Input : variable 'MetEt' <---> Output : variable 'MetEt'
                         : Input : variable 'e_m_PZeta' <---> Output : variable 'e_m_PZeta'
TFHandler_Factory        :         Variable                Mean                RMS        [        Min                Max ]
                         : ---------------------------------------------------------------------------------------------------
                         : mPt_Per_e_m_Mass:           0.47243           0.17483   [           0.17930            4.0596 ]
                         : ePt_Per_e_m_Mass:           0.47563           0.17988   [           0.17658            4.5414 ]
                         :             emPt:            44.261            37.722   [           0.13196            606.94 ]
                         :            emEta:        -0.0027561            2.2776   [           -8.2179            8.0511 ]
                         :             j1Pt:            30.719            45.870   [           -1.0000            594.41 ]
                         :   DeltaEta_em_j1:           0.24385            1.6758   [           -1.0000            9.5762 ]
                         :   DeltaPhi_em_j1:           0.55588            1.7680   [           -1.0000            3.1416 ]
                         :         m_met_mT:            58.169            41.115   [          0.026309            467.74 ]
                         :         e_met_mT:            60.256            42.248   [         0.0016262            462.46 ]
                         :   DeltaPhi_e_met:            1.6634           0.90540   [        4.4958e-06            3.1416 ]
                         :   DeltaPhi_m_met:            1.6118           0.90662   [        2.3565e-05            3.1416 ]
                         :   DeltaEta_e_met:           0.98554           0.65558   [        2.5448e-05            2.4999 ]
                         :   DeltaEta_m_met:           0.99117           0.64480   [        1.6423e-05            2.4000 ]
                         :            MetEt:            38.909            30.893   [          0.051961            566.26 ]
                         :        e_m_PZeta:            26.614            47.694   [           -221.97            711.46 ]
                         : ---------------------------------------------------------------------------------------------------
                         : Preparing the Decorrelation transformation...
TFHandler_Factory        :         Variable                Mean                RMS        [        Min                Max ]
                         : ---------------------------------------------------------------------------------------------------
                         : mPt_Per_e_m_Mass:            5.2639            1.0000   [         -0.096028            27.016 ]
                         : ePt_Per_e_m_Mass:            5.2954            1.0000   [          -0.18365            25.698 ]
                         :             emPt:           0.36423            1.0000   [           -5.8703            15.108 ]
                         :            emEta:        -0.0041369            1.0000   [           -3.5958            3.5455 ]
                         :             j1Pt:           0.17734            1.0000   [           -5.2233            13.622 ]
                         :   DeltaEta_em_j1:          -0.12414            1.0000   [           -5.1166            7.6724 ]
                         :   DeltaPhi_em_j1:         -0.077068            1.0000   [           -12.851            4.0376 ]
                         :         m_met_mT:            1.5840            1.0000   [           -3.8768            12.770 ]
                         :         e_met_mT:            1.5914            1.0000   [           -6.6814            11.795 ]
                         :   DeltaPhi_e_met:            4.5055            1.0000   [           -2.6641            19.833 ]
                         :   DeltaPhi_m_met:            4.4628            1.0000   [           -3.5011            15.263 ]
                         :   DeltaEta_e_met:            1.5282            1.0000   [          -0.16368            3.9821 ]
                         :   DeltaEta_m_met:            1.5986            1.0000   [          -0.17766            3.9753 ]
                         :            MetEt:          0.031769            1.0000   [           -6.4673            22.639 ]
                         :        e_m_PZeta:           0.72866            1.0000   [           -7.2503            11.348 ]
                         : ---------------------------------------------------------------------------------------------------
                         : Preparing the Principle Component (PCA) transformation...
TFHandler_Factory        :         Variable                Mean                RMS        [        Min                Max ]
                         : ---------------------------------------------------------------------------------------------------
                         : mPt_Per_e_m_Mass:           -27.042            67.719   [           -121.56            932.11 ]
                         : ePt_Per_e_m_Mass:           -4.6883            50.534   [           -236.37            415.46 ]
                         :             emPt:           0.45282            42.143   [           -286.92            283.11 ]
                         :            emEta:           -5.9648            27.079   [           -211.79            256.17 ]
                         :             j1Pt:          -0.27394            22.032   [           -351.75            122.89 ]
                         :   DeltaEta_em_j1:           0.46247            10.032   [           -82.758            145.37 ]
                         :   DeltaPhi_em_j1:         0.0076756            2.2776   [           -8.0427            8.2069 ]
                         :         m_met_mT:          -0.33466            1.7055   [           -12.506            8.0441 ]
                         :         e_met_mT:         -0.069370           0.74366   [           -5.7686            2.3537 ]
                         :   DeltaPhi_e_met:          0.012056           0.65435   [           -3.9296            3.8430 ]
                         :   DeltaPhi_m_met:          0.022385           0.64513   [           -3.5158            3.4840 ]
                         :   DeltaEta_e_met:        -0.0038210           0.63433   [           -1.8463            1.9569 ]
                         :   DeltaEta_m_met:          0.010904           0.32103   [           -2.0390            4.9450 ]
                         :            MetEt:       -0.00049330           0.14767   [           -2.5687            2.3775 ]
                         :        e_m_PZeta:       -0.00094945          0.093772   [           -1.1665           0.42320 ]
                         : ---------------------------------------------------------------------------------------------------
                         : Preparing the Gaussian transformation...
                         : Preparing the Decorrelation transformation...
TFHandler_Factory        :         Variable                Mean                RMS        [        Min                Max ]
                         : ---------------------------------------------------------------------------------------------------
                         : mPt_Per_e_m_Mass:          0.049795            1.0000   [           -4.0928            6.6525 ]
                         : ePt_Per_e_m_Mass:          0.057267            1.0000   [           -3.9066            6.1594 ]
                         :             emPt:           0.52333            1.0000   [           -5.2053            6.6095 ]
                         :            emEta:         0.0037012            1.0000   [           -3.3062            5.7694 ]
                         :             j1Pt:          -0.69818            1.0000   [           -5.0299            6.7581 ]
                         :   DeltaEta_em_j1:          -0.78468            1.0000   [           -4.1213            5.2805 ]
                         :   DeltaPhi_em_j1:          -0.59342            1.0000   [           -5.0658            9.3959 ]
                         :         m_met_mT:          0.028739            1.0000   [           -7.3958            7.7130 ]
                         :         e_met_mT:          0.040160            1.0000   [           -6.7382            9.1699 ]
                         :   DeltaPhi_e_met:         -0.066994            1.0000   [           -3.9464            10.826 ]
                         :   DeltaPhi_m_met:         -0.057394            1.0000   [           -4.5757            11.406 ]
                         :   DeltaEta_e_met:        -0.0014431            1.0000   [           -3.3174            5.8921 ]
                         :   DeltaEta_m_met:         0.0052073            1.0000   [           -3.3506            5.7668 ]
                         :            MetEt:           0.18325            1.0000   [           -3.5056            8.0909 ]
                         :        e_m_PZeta:           0.30974            1.0000   [           -4.2863            4.6431 ]
                         : ---------------------------------------------------------------------------------------------------
                         : Ranking input variables (method unspecific)...
IdTransformation         : Ranking result (top variable is best ranked)
                         : -----------------------------------------
                         : Rank : Variable         : Separation
                         : -----------------------------------------
                         :    1 : MetEt            : 3.117e-01
                         :    2 : m_met_mT         : 1.300e-01
                         :    3 : e_met_mT         : 1.291e-01
                         :    4 : emPt             : 1.200e-01
                         :    5 : DeltaPhi_em_j1   : 1.052e-01
                         :    6 : DeltaEta_em_j1   : 8.345e-02
                         :    7 : j1Pt             : 7.618e-02
                         :    8 : e_m_PZeta        : 5.507e-02
                         :    9 : ePt_Per_e_m_Mass : 4.478e-02
                         :   10 : emEta            : 4.282e-02
                         :   11 : mPt_Per_e_m_Mass : 4.240e-02
                         :   12 : DeltaPhi_m_met   : 9.441e-03
                         :   13 : DeltaPhi_e_met   : 6.930e-03
                         :   14 : DeltaEta_e_met   : 4.692e-03
                         :   15 : DeltaEta_m_met   : 4.130e-03
                         : -----------------------------------------
Factory                  : Train method: BDT_gg_d2 for Classification
                         : 
<WARNING>                : Events with negative event weights are USED during the BDT training. This might cause problems with small node sizes or with the boosting. Please remove negative events from training using the option *IgnoreEventsWithNegWeightsInTraining* in case you observe problems with the boosting
                         : Events with weight == 0 are going to be simply ignored 
BDT_gg_d2                : #events: (reweighted) sig: 51972.5 bkg: 51972.5
                         : #events: (unweighted) sig: 64849 bkg: 39096
                         : Training 500 Decision Trees ... patience please
0%, time left: unknown
6%, time left: 15 sec
12%, time left: 13 sec
19%, time left: 12 sec
25%, time left: 11 sec
31%, time left: 10 sec
37%, time left: 9 sec
44%, time left: 8 sec
50%, time left: 7 sec
56%, time left: 6 sec
62%, time left: 5 sec
69%, time left: 4 sec
75%, time left: 3 sec
81%, time left: 2 sec
87%, time left: 1 sec
94%, time left: 0 sec
                         : Elapsed time for training with 103984 events: 18.2 sec         
BDT_gg_d2                : [dataset] : Evaluation of BDT_gg_d2 on training sample (103984 events)
0%, time left: unknown
6%, time left: 5 sec
12%, time left: 4 sec
18%, time left: 4 sec
25%, time left: 4 sec
31%, time left: 3 sec
37%, time left: 3 sec
43%, time left: 3 sec
50%, time left: 2 sec
56%, time left: 2 sec
62%, time left: 2 sec
68%, time left: 1 sec
75%, time left: 1 sec
81%, time left: 1 sec
87%, time left: 0 sec
93%, time left: 0 sec
                         : Elapsed time for evaluation of 103984 events: 5.6 sec       
                         : Creating xml weight file: [0;36mdataset/weights/TMVAClassification_BDT_gg_d2.weights.xml[0m
                         : Creating standalone class: [0;36mdataset/weights/TMVAClassification_BDT_gg_d2.class.C[0m
                         : TMVA_gg_d2.root:/dataset/Method_BDT_gg_d2/BDT_gg_d2
Factory                  : Training finished
                         : 
                         : Ranking input variables (method specific)...
BDT_gg_d2                : Ranking result (top variable is best ranked)
                         : --------------------------------------------------
                         : Rank : Variable         : Variable Importance
                         : --------------------------------------------------
                         :    1 : MetEt            : 2.427e-01
                         :    2 : emPt             : 7.698e-02
                         :    3 : DeltaPhi_em_j1   : 7.514e-02
                         :    4 : j1Pt             : 7.457e-02
                         :    5 : DeltaEta_em_j1   : 5.891e-02
                         :    6 : DeltaPhi_m_met   : 5.388e-02
                         :    7 : mPt_Per_e_m_Mass : 5.281e-02
                         :    8 : ePt_Per_e_m_Mass : 5.008e-02
                         :    9 : DeltaPhi_e_met   : 5.007e-02
                         :   10 : emEta            : 4.976e-02
                         :   11 : DeltaEta_m_met   : 4.789e-02
                         :   12 : DeltaEta_e_met   : 4.757e-02
                         :   13 : m_met_mT         : 4.623e-02
                         :   14 : e_m_PZeta        : 3.673e-02
                         :   15 : e_met_mT         : 3.664e-02
                         : --------------------------------------------------
Factory                  : === Destroy and recreate all methods via weight files for testing ===
                         : 
Factory                  : [1mTest all methods[0m
Factory                  : Test method: BDT_gg_d2 for Classification performance
                         : 
BDT_gg_d2                : [dataset] : Evaluation of BDT_gg_d2 on testing sample (103984 events)
0%, time left: unknown
6%, time left: 4 sec
12%, time left: 3 sec
18%, time left: 3 sec
25%, time left: 3 sec
31%, time left: 2 sec
37%, time left: 2 sec
43%, time left: 2 sec
50%, time left: 2 sec
56%, time left: 1 sec
62%, time left: 1 sec
68%, time left: 1 sec
75%, time left: 1 sec
81%, time left: 0 sec
87%, time left: 0 sec
93%, time left: 0 sec
                         : Elapsed time for evaluation of 103984 events: 4.45 sec       
Factory                  : [1mEvaluate all methods[0m
Factory                  : Evaluate classifier: BDT_gg_d2
                         : 
BDT_gg_d2                : [dataset] : Loop over test events and fill histograms with classifier response...
                         : 
TFHandler_BDT_gg_d2      :         Variable                Mean                RMS        [        Min                Max ]
                         : ---------------------------------------------------------------------------------------------------
                         : mPt_Per_e_m_Mass:           0.47208           0.18045   [           0.17893            4.1494 ]
                         : ePt_Per_e_m_Mass:           0.47982           0.18499   [           0.15009            3.9685 ]
                         :             emPt:            47.363            38.406   [          0.053048            593.16 ]
                         :            emEta:          0.027772            2.2053   [           -8.8743            9.5227 ]
                         :             j1Pt:            34.500            49.054   [           -1.0000            853.55 ]
                         :   DeltaEta_em_j1:           0.27680            1.6195   [           -1.0000            9.8625 ]
                         :   DeltaPhi_em_j1:           0.63694            1.7515   [           -1.0000            3.1416 ]
                         :         m_met_mT:            62.819            43.840   [          0.031912            576.94 ]
                         :         e_met_mT:            65.491            45.313   [         0.0040142            461.17 ]
                         :   DeltaPhi_e_met:            1.6907           0.89941   [        3.0427e-05            3.1415 ]
                         :   DeltaPhi_m_met:            1.6353           0.90406   [        6.5174e-05            3.1416 ]
                         :   DeltaEta_e_met:           0.99966           0.65468   [        3.5918e-05            2.4999 ]
                         :   DeltaEta_m_met:           0.98935           0.64366   [        1.1570e-05            2.3998 ]
                         :            MetEt:            44.046            34.208   [          0.051713            999.32 ]
                         :        e_m_PZeta:            26.636            50.754   [           -880.57            668.17 ]
                         : ---------------------------------------------------------------------------------------------------
                         : 
                         : Evaluation results ranked by best signal efficiency and purity (area)
                         : -------------------------------------------------------------------------------------------------------------------
                         : DataSet       MVA                       
                         : Name:         Method:          ROC-integ
                         : dataset       BDT_gg_d2      : 0.855
                         : -------------------------------------------------------------------------------------------------------------------
                         : 
                         : Testing efficiency compared to training efficiency (overtraining check)
                         : -------------------------------------------------------------------------------------------------------------------
                         : DataSet              MVA              Signal efficiency: from test sample (from training sample) 
                         : Name:                Method:          @B=0.01             @B=0.10            @B=0.30   
                         : -------------------------------------------------------------------------------------------------------------------
                         : dataset              BDT_gg_d2      : 0.073 (0.097)       0.489 (0.546)      0.872 (0.879)
                         : -------------------------------------------------------------------------------------------------------------------
                         : 
Dataset:dataset          : Created tree 'TestTree' with 103984 events
                         : 
Dataset:dataset          : Created tree 'TrainTree' with 103984 events
                         : 
Factory                  : [1mThank you for using TMVA![0m
                         : [1mFor citation information, please visit: http://tmva.sf.net/citeTMVA.html[0m
==> Wrote root file: TMVA_gg_d2.root
==> TMVAClassification is done!
(int) 0
